c:\users\артем\source\repos\hw\hw4v2.5\debug\vc142.pdb
c:\users\артем\source\repos\hw\hw4v2.5\debug\vc142.idb
c:\users\артем\source\repos\hw\hw4v2.5\debug\hw4v2.5.obj
c:\users\артем\source\repos\hw\hw4v2.5\debug\hoara_sorting.obj
c:\users\артем\source\repos\hw\hw4v2.5\debug\merge_sorting.obj
c:\users\артем\source\repos\hw\hw4v2.5\debug\settings_functions.obj
c:\users\артем\source\repos\hw\hw4v2.5\debug\naive_search.obj
c:\users\артем\source\repos\hw\hw4v2.5\debug\bubble_sorting.obj
c:\users\артем\source\repos\hw\hw4v2.5\debug\binary_search.obj
c:\users\артем\source\repos\hw\hw4v2.5\debug\submenu.obj
c:\users\артем\source\repos\hw\hw4v2.5\debug\experiment.obj
c:\users\артем\source\repos\hw\hw4v2.5\debug\bin_search.obj
c:\users\артем\source\repos\hw\hw4v2.5\debug\functions.obj
c:\users\артем\source\repos\hw\debug\hw4v2.5.pdb
c:\users\артем\source\repos\hw\hw4v2.5\debug\hw4v2.5.tlog\cl.command.1.tlog
c:\users\артем\source\repos\hw\hw4v2.5\debug\hw4v2.5.tlog\cl.read.1.tlog
c:\users\артем\source\repos\hw\hw4v2.5\debug\hw4v2.5.tlog\cl.write.1.tlog
c:\users\артем\source\repos\hw\hw4v2.5\debug\hw4v2.5.tlog\link-cvtres.read.1.tlog
c:\users\артем\source\repos\hw\hw4v2.5\debug\hw4v2.5.tlog\link-cvtres.write.1.tlog
c:\users\артем\source\repos\hw\hw4v2.5\debug\hw4v2.5.tlog\link-rc.read.1.tlog
c:\users\артем\source\repos\hw\hw4v2.5\debug\hw4v2.5.tlog\link-rc.write.1.tlog
c:\users\артем\source\repos\hw\hw4v2.5\debug\hw4v2.5.tlog\link.17956-cvtres.read.1.tlog
c:\users\артем\source\repos\hw\hw4v2.5\debug\hw4v2.5.tlog\link.17956-cvtres.write.1.tlog
c:\users\артем\source\repos\hw\hw4v2.5\debug\hw4v2.5.tlog\link.17956-rc.read.1.tlog
c:\users\артем\source\repos\hw\hw4v2.5\debug\hw4v2.5.tlog\link.17956-rc.write.1.tlog
c:\users\артем\source\repos\hw\hw4v2.5\debug\hw4v2.5.tlog\link.17956.read.1.tlog
c:\users\артем\source\repos\hw\hw4v2.5\debug\hw4v2.5.tlog\link.17956.write.1.tlog
c:\users\артем\source\repos\hw\hw4v2.5\debug\hw4v2.5.tlog\link.command.1.tlog
c:\users\артем\source\repos\hw\hw4v2.5\debug\hw4v2.5.tlog\link.read.1.tlog
c:\users\артем\source\repos\hw\hw4v2.5\debug\hw4v2.5.tlog\link.write.1.tlog
